  StageSession.cpp
D:\OneDrive\Documents\Github\CppTest-Game2\StageSession.cpp(1,1): warning C4819: 현재 코드 페이지(949)에서 표시할 수 없는 문자가 파일에 들어 있습니다. 데이터가 손실되지 않게 하려면 해당 파일을 유니코드 형식으로 저장하십시오.
D:\OneDrive\Documents\Github\CppTest-Game2\StageSession.h(1,1): warning C4819: 현재 코드 페이지(949)에서 표시할 수 없는 문자가 파일에 들어 있습니다. 데이터가 손실되지 않게 하려면 해당 파일을 유니코드 형식으로 저장하십시오.
  (소스 파일 'StageSession.cpp'을(를) 컴파일하는 중)
  
D:\OneDrive\Documents\Github\CppTest-Game2\Player.h(1,1): warning C4819: 현재 코드 페이지(949)에서 표시할 수 없는 문자가 파일에 들어 있습니다. 데이터가 손실되지 않게 하려면 해당 파일을 유니코드 형식으로 저장하십시오.
  (소스 파일 'StageSession.cpp'을(를) 컴파일하는 중)
  
D:\OneDrive\Documents\Github\CppTest-Game2\Tool.h(1,1): warning C4819: 현재 코드 페이지(949)에서 표시할 수 없는 문자가 파일에 들어 있습니다. 데이터가 손실되지 않게 하려면 해당 파일을 유니코드 형식으로 저장하십시오.
  (소스 파일 'StageSession.cpp'을(를) 컴파일하는 중)
  
D:\OneDrive\Documents\Github\CppTest-Game2\Item.h(1,1): warning C4819: 현재 코드 페이지(949)에서 표시할 수 없는 문자가 파일에 들어 있습니다. 데이터가 손실되지 않게 하려면 해당 파일을 유니코드 형식으로 저장하십시오.
  (소스 파일 'StageSession.cpp'을(를) 컴파일하는 중)
  
D:\OneDrive\Documents\Github\CppTest-Game2\Monster.h(1,1): warning C4819: 현재 코드 페이지(949)에서 표시할 수 없는 문자가 파일에 들어 있습니다. 데이터가 손실되지 않게 하려면 해당 파일을 유니코드 형식으로 저장하십시오.
  (소스 파일 'StageSession.cpp'을(를) 컴파일하는 중)
  
D:\OneDrive\Documents\Github\CppTest-Game2\Player.h(1,1): warning C4819: 현재 코드 페이지(949)에서 표시할 수 없는 문자가 파일에 들어 있습니다. 데이터가 손실되지 않게 하려면 해당 파일을 유니코드 형식으로 저장하십시오.
  (소스 파일 'StageSession.cpp'을(를) 컴파일하는 중)
  
  System.cpp
D:\OneDrive\Documents\Github\CppTest-Game2\System.cpp(1,1): warning C4819: 현재 코드 페이지(949)에서 표시할 수 없는 문자가 파일에 들어 있습니다. 데이터가 손실되지 않게 하려면 해당 파일을 유니코드 형식으로 저장하십시오.
D:\OneDrive\Documents\Github\CppTest-Game2\System.h(1,1): warning C4819: 현재 코드 페이지(949)에서 표시할 수 없는 문자가 파일에 들어 있습니다. 데이터가 손실되지 않게 하려면 해당 파일을 유니코드 형식으로 저장하십시오.
  (소스 파일 'System.cpp'을(를) 컴파일하는 중)
  
D:\OneDrive\Documents\Github\CppTest-Game2\Player.h(1,1): warning C4819: 현재 코드 페이지(949)에서 표시할 수 없는 문자가 파일에 들어 있습니다. 데이터가 손실되지 않게 하려면 해당 파일을 유니코드 형식으로 저장하십시오.
  (소스 파일 'System.cpp'을(를) 컴파일하는 중)
  
D:\OneDrive\Documents\Github\CppTest-Game2\Tool.h(1,1): warning C4819: 현재 코드 페이지(949)에서 표시할 수 없는 문자가 파일에 들어 있습니다. 데이터가 손실되지 않게 하려면 해당 파일을 유니코드 형식으로 저장하십시오.
  (소스 파일 'System.cpp'을(를) 컴파일하는 중)
  
D:\OneDrive\Documents\Github\CppTest-Game2\Item.h(1,1): warning C4819: 현재 코드 페이지(949)에서 표시할 수 없는 문자가 파일에 들어 있습니다. 데이터가 손실되지 않게 하려면 해당 파일을 유니코드 형식으로 저장하십시오.
  (소스 파일 'System.cpp'을(를) 컴파일하는 중)
  
D:\OneDrive\Documents\Github\CppTest-Game2\Monster.h(1,1): warning C4819: 현재 코드 페이지(949)에서 표시할 수 없는 문자가 파일에 들어 있습니다. 데이터가 손실되지 않게 하려면 해당 파일을 유니코드 형식으로 저장하십시오.
  (소스 파일 'System.cpp'을(를) 컴파일하는 중)
  
D:\OneDrive\Documents\Github\CppTest-Game2\Player.h(1,1): warning C4819: 현재 코드 페이지(949)에서 표시할 수 없는 문자가 파일에 들어 있습니다. 데이터가 손실되지 않게 하려면 해당 파일을 유니코드 형식으로 저장하십시오.
  (소스 파일 'System.cpp'을(를) 컴파일하는 중)
  
D:\OneDrive\Documents\Github\CppTest-Game2\StageSession.h(1,1): warning C4819: 현재 코드 페이지(949)에서 표시할 수 없는 문자가 파일에 들어 있습니다. 데이터가 손실되지 않게 하려면 해당 파일을 유니코드 형식으로 저장하십시오.
  (소스 파일 'System.cpp'을(를) 컴파일하는 중)
  
D:\OneDrive\Documents\Github\CppTest-Game2\System.cpp(15,73): warning C4244: '인수': 'float'에서 'int'(으)로 변환하면서 데이터가 손실될 수 있습니다.
D:\OneDrive\Documents\Github\CppTest-Game2\System.cpp(15,51): warning C4244: '인수': 'float'에서 'int'(으)로 변환하면서 데이터가 손실될 수 있습니다.
  코드를 생성하고 있습니다...
  Project1.vcxproj -> D:\OneDrive\Documents\Github\CppTest-Game2\x64\Debug\Project1.exe
